c:\mytinyrenderproj\myrenderer\myrenderer\x64\debug\vc143.pdb
c:\mytinyrenderproj\myrenderer\myrenderer\x64\debug\vc143.idb
c:\mytinyrenderproj\myrenderer\myrenderer\x64\debug\tsssscomponent.obj
c:\mytinyrenderproj\myrenderer\myrenderer\x64\debug\svgfcomponent.obj
c:\mytinyrenderproj\myrenderer\myrenderer\x64\debug\sssscomponent.obj
c:\mytinyrenderproj\myrenderer\myrenderer\x64\debug\segregatedfreelists.obj
c:\mytinyrenderproj\myrenderer\myrenderer\x64\debug\sahtree.obj
c:\mytinyrenderproj\myrenderer\myrenderer\x64\debug\resourseitem.obj
c:\mytinyrenderproj\myrenderer\myrenderer\x64\debug\raytracerutil.obj
c:\mytinyrenderproj\myrenderer\myrenderer\x64\debug\raytracer.obj
c:\mytinyrenderproj\myrenderer\myrenderer\x64\debug\mathhelper.obj
c:\mytinyrenderproj\myrenderer\myrenderer\x64\debug\est.obj
c:\mytinyrenderproj\myrenderer\myrenderer\x64\debug\ddstextureloader.obj
c:\mytinyrenderproj\myrenderer\myrenderer\x64\debug\d3dutil.obj
c:\mytinyrenderproj\myrenderer\myrenderer\x64\debug\buddysystem.obj
c:\mytinyrenderproj\myrenderer\myrenderer\myrenderer.exe
c:\mytinyrenderproj\myrenderer\myrenderer\x64\debug\myrenderer.ilk
c:\mytinyrenderproj\myrenderer\myrenderer\myrenderer.pdb
c:\mytinyrenderproj\myrenderer\\myrenderer\myrenderer.pdb
c:\mytinyrenderproj\myrenderer\myrenderer\x64\debug\myrenderer.tlog\cl.command.1.tlog
c:\mytinyrenderproj\myrenderer\myrenderer\x64\debug\myrenderer.tlog\cl.read.1.tlog
c:\mytinyrenderproj\myrenderer\myrenderer\x64\debug\myrenderer.tlog\cl.write.1.tlog
c:\mytinyrenderproj\myrenderer\myrenderer\x64\debug\myrenderer.tlog\link.command.1.tlog
c:\mytinyrenderproj\myrenderer\myrenderer\x64\debug\myrenderer.tlog\link.read.1.tlog
c:\mytinyrenderproj\myrenderer\myrenderer\x64\debug\myrenderer.tlog\link.write.1.tlog
